<?xml version="1.0" encoding="UTF-8"?>
<testsuite name="com.xib.agent.service.AgentServiceTest" tests="6" skipped="0" failures="0" errors="0" timestamp="2021-08-09T05:55:19" hostname="Nagarjunas-MacBook-Pro.local" time="0.359">
  <properties/>
  <testcase name="findAllAgents()" classname="com.xib.agent.service.AgentServiceTest" time="0.186"/>
  <testcase name="createAgent()" classname="com.xib.agent.service.AgentServiceTest" time="0.017"/>
  <testcase name="assignTeamToAgent()" classname="com.xib.agent.service.AgentServiceTest" time="0.005"/>
  <testcase name="findAgent()" classname="com.xib.agent.service.AgentServiceTest" time="0.015"/>
  <testcase name="findAgentsByTeam()" classname="com.xib.agent.service.AgentServiceTest" time="0.054"/>
  <testcase name="testFindAllAgents()" classname="com.xib.agent.service.AgentServiceTest" time="0.082"/>
  <system-out><![CDATA[2021-08-09 11:25:19.176  INFO 29801 --- [    Test worker] .b.t.c.SpringBootTestContextBootstrapper : Neither @ContextConfiguration nor @ContextHierarchy found for test class [com.xib.agent.service.AgentServiceTest], using SpringBootContextLoader
2021-08-09 11:25:19.176  INFO 29801 --- [    Test worker] o.s.t.c.support.AbstractContextLoader    : Could not detect default resource locations for test class [com.xib.agent.service.AgentServiceTest]: no resource found for suffixes {-context.xml, Context.groovy}.
2021-08-09 11:25:19.176  INFO 29801 --- [    Test worker] t.c.s.AnnotationConfigContextLoaderUtils : Could not detect default configuration classes for test class [com.xib.agent.service.AgentServiceTest]: AgentServiceTest does not declare any static, non-private, non-final, nested classes annotated with @Configuration.
2021-08-09 11:25:19.177  INFO 29801 --- [    Test worker] .b.t.c.SpringBootTestContextBootstrapper : Found @SpringBootConfiguration com.xib.agent.AgentApplication for test class com.xib.agent.service.AgentServiceTest
2021-08-09 11:25:19.178  INFO 29801 --- [    Test worker] .b.t.c.SpringBootTestContextBootstrapper : Loaded default TestExecutionListener class names from location [META-INF/spring.factories]: [org.springframework.boot.test.autoconfigure.restdocs.RestDocsTestExecutionListener, org.springframework.boot.test.autoconfigure.web.client.MockRestServiceServerResetTestExecutionListener, org.springframework.boot.test.autoconfigure.web.servlet.MockMvcPrintOnlyOnFailureTestExecutionListener, org.springframework.boot.test.autoconfigure.web.servlet.WebDriverTestExecutionListener, org.springframework.boot.test.mock.mockito.MockitoTestExecutionListener, org.springframework.boot.test.mock.mockito.ResetMocksTestExecutionListener, org.springframework.test.context.web.ServletTestExecutionListener, org.springframework.test.context.support.DirtiesContextBeforeModesTestExecutionListener, org.springframework.test.context.support.DependencyInjectionTestExecutionListener, org.springframework.test.context.support.DirtiesContextTestExecutionListener, org.springframework.test.context.transaction.TransactionalTestExecutionListener, org.springframework.test.context.jdbc.SqlScriptsTestExecutionListener, org.springframework.test.context.event.EventPublishingTestExecutionListener]
2021-08-09 11:25:19.179  INFO 29801 --- [    Test worker] .b.t.c.SpringBootTestContextBootstrapper : Using TestExecutionListeners: [org.springframework.test.context.web.ServletTestExecutionListener@60152524, org.springframework.test.context.support.DirtiesContextBeforeModesTestExecutionListener@2f929bce, org.springframework.boot.test.mock.mockito.MockitoTestExecutionListener@6452eb57, org.springframework.boot.test.autoconfigure.SpringBootDependencyInjectionTestExecutionListener@5f37286e, org.springframework.test.context.support.DirtiesContextTestExecutionListener@16421aa9, org.springframework.test.context.transaction.TransactionalTestExecutionListener@2db5bf44, org.springframework.test.context.jdbc.SqlScriptsTestExecutionListener@5ecef1f6, org.springframework.test.context.event.EventPublishingTestExecutionListener@385cc619, org.springframework.boot.test.autoconfigure.restdocs.RestDocsTestExecutionListener@3ecd04e9, org.springframework.boot.test.autoconfigure.web.client.MockRestServiceServerResetTestExecutionListener@3e82d3eb, org.springframework.boot.test.autoconfigure.web.servlet.MockMvcPrintOnlyOnFailureTestExecutionListener@176ad48c, org.springframework.boot.test.autoconfigure.web.servlet.WebDriverTestExecutionListener@49d8a476, org.springframework.boot.test.mock.mockito.ResetMocksTestExecutionListener@1f640be8]
]]></system-out>
  <system-err><![CDATA[]]></system-err>
</testsuite>
