<?xml version="1.0" encoding="UTF-8"?>
<testsuite name="com.xib.agent.service.TeamServiceTest" tests="5" skipped="0" failures="0" errors="0" timestamp="2021-08-09T05:55:19" hostname="Nagarjunas-MacBook-Pro.local" time="0.025">
  <properties/>
  <testcase name="findTeam()" classname="com.xib.agent.service.TeamServiceTest" time="0.004"/>
  <testcase name="findUnassignedTeams()" classname="com.xib.agent.service.TeamServiceTest" time="0.005"/>
  <testcase name="createTeam()" classname="com.xib.agent.service.TeamServiceTest" time="0.005"/>
  <testcase name="assignAgent()" classname="com.xib.agent.service.TeamServiceTest" time="0.008"/>
  <testcase name="findAllTeams()" classname="com.xib.agent.service.TeamServiceTest" time="0.003"/>
  <system-out><![CDATA[2021-08-09 11:25:19.542  INFO 29801 --- [    Test worker] .b.t.c.SpringBootTestContextBootstrapper : Neither @ContextConfiguration nor @ContextHierarchy found for test class [com.xib.agent.service.TeamServiceTest], using SpringBootContextLoader
2021-08-09 11:25:19.543  INFO 29801 --- [    Test worker] o.s.t.c.support.AbstractContextLoader    : Could not detect default resource locations for test class [com.xib.agent.service.TeamServiceTest]: no resource found for suffixes {-context.xml, Context.groovy}.
2021-08-09 11:25:19.543  INFO 29801 --- [    Test worker] t.c.s.AnnotationConfigContextLoaderUtils : Could not detect default configuration classes for test class [com.xib.agent.service.TeamServiceTest]: TeamServiceTest does not declare any static, non-private, non-final, nested classes annotated with @Configuration.
2021-08-09 11:25:19.544  INFO 29801 --- [    Test worker] .b.t.c.SpringBootTestContextBootstrapper : Found @SpringBootConfiguration com.xib.agent.AgentApplication for test class com.xib.agent.service.TeamServiceTest
2021-08-09 11:25:19.546  INFO 29801 --- [    Test worker] .b.t.c.SpringBootTestContextBootstrapper : Loaded default TestExecutionListener class names from location [META-INF/spring.factories]: [org.springframework.boot.test.autoconfigure.restdocs.RestDocsTestExecutionListener, org.springframework.boot.test.autoconfigure.web.client.MockRestServiceServerResetTestExecutionListener, org.springframework.boot.test.autoconfigure.web.servlet.MockMvcPrintOnlyOnFailureTestExecutionListener, org.springframework.boot.test.autoconfigure.web.servlet.WebDriverTestExecutionListener, org.springframework.boot.test.mock.mockito.MockitoTestExecutionListener, org.springframework.boot.test.mock.mockito.ResetMocksTestExecutionListener, org.springframework.test.context.web.ServletTestExecutionListener, org.springframework.test.context.support.DirtiesContextBeforeModesTestExecutionListener, org.springframework.test.context.support.DependencyInjectionTestExecutionListener, org.springframework.test.context.support.DirtiesContextTestExecutionListener, org.springframework.test.context.transaction.TransactionalTestExecutionListener, org.springframework.test.context.jdbc.SqlScriptsTestExecutionListener, org.springframework.test.context.event.EventPublishingTestExecutionListener]
2021-08-09 11:25:19.546  INFO 29801 --- [    Test worker] .b.t.c.SpringBootTestContextBootstrapper : Using TestExecutionListeners: [org.springframework.test.context.web.ServletTestExecutionListener@480c830, org.springframework.test.context.support.DirtiesContextBeforeModesTestExecutionListener@4622bb2e, org.springframework.boot.test.mock.mockito.MockitoTestExecutionListener@187b3718, org.springframework.boot.test.autoconfigure.SpringBootDependencyInjectionTestExecutionListener@64d6ced2, org.springframework.test.context.support.DirtiesContextTestExecutionListener@66954b30, org.springframework.test.context.transaction.TransactionalTestExecutionListener@353d6707, org.springframework.test.context.jdbc.SqlScriptsTestExecutionListener@74bf454f, org.springframework.test.context.event.EventPublishingTestExecutionListener@26cda554, org.springframework.boot.test.autoconfigure.restdocs.RestDocsTestExecutionListener@6a4da676, org.springframework.boot.test.autoconfigure.web.client.MockRestServiceServerResetTestExecutionListener@3416f167, org.springframework.boot.test.autoconfigure.web.servlet.MockMvcPrintOnlyOnFailureTestExecutionListener@3a8d5f97, org.springframework.boot.test.autoconfigure.web.servlet.WebDriverTestExecutionListener@7121ba97, org.springframework.boot.test.mock.mockito.ResetMocksTestExecutionListener@7658dcd3]
]]></system-out>
  <system-err><![CDATA[]]></system-err>
</testsuite>
